<?xml version="1.0" encoding="UTF-8"?>
<!-- Generated by org.testng.reporters.JUnitReportReporter -->
<testsuite hostname="LAPTOP-M1J8G8DR" failures="0" tests="3" name="com.selenium.driver.TestNG1" time="0.008" errors="0" timestamp="10 May 2024 10:48:51 GMT" skipped="1">
  <testcase classname="com.selenium.driver.TestNG1" name="f" time="0.005"/>
  <testcase classname="com.selenium.driver.TestNG1" name="v" time="0.003"/>
  <testcase classname="com.selenium.driver.TestNG1" name="a">
    <skipped/>
  </testcase> <!-- a -->
</testsuite> <!-- com.selenium.driver.TestNG1 -->
