<?xml version="1.0" encoding="UTF-8"?>
<!-- Generated by org.testng.reporters.JUnitReportReporter -->
<testsuite hostname="LAPTOP-M1J8G8DR" failures="0" tests="1" name="com.selenium.driver.NewTest" time="0.006" errors="0" timestamp="10 May 2024 10:28:20 GMT" skipped="0">
  <testcase classname="com.selenium.driver.NewTest" name="f" time="0.006"/>
</testsuite> <!-- com.selenium.driver.NewTest -->
